#
# There is insufficient memory for the Java Runtime Environment to continue.
# Native memory allocation (mmap) failed to map 268435456 bytes for Failed to commit area from 0x0000000701400000 to 0x0000000711400000 of length 268435456.
# Possible reasons:
#   The system is out of physical RAM or swap space
#   The process is running with CompressedOops enabled, and the Java Heap may be blocking the growth of the native heap
# Possible solutions:
#   Reduce memory load on the system
#   Increase physical memory or swap space
#   Check if swap backing store is full
#   Decrease Java heap size (-Xmx/-Xms)
#   Decrease number of Java threads
#   Decrease Java thread stack sizes (-Xss)
#   Set larger code cache with -XX:ReservedCodeCacheSize=
# This output file may be truncated or incomplete.
#
#  Out of Memory Error (./open/src/hotspot/os/windows/os_windows.cpp:3292), pid=171348, tid=18364
#
# JRE version:  (11.0.19+9) (build )
# Java VM: Java HotSpot(TM) 64-Bit Server VM (11.0.19+9-LTS-224, mixed mode, sharing, tiered, compressed oops, g1 gc, windows-amd64)
# No core dump will be written. Minidumps are not enabled by default on client versions of Windows
#

---------------  S U M M A R Y ------------

Command Line: -Dcom.sun.management.jmxremote -Dcom.sun.management.jmxremote.port=56765 -Dcom.sun.management.jmxremote.authenticate=false -Dcom.sun.management.jmxremote.ssl=false -Djava.rmi.server.hostname=localhost -Dspring.jmx.enabled=true -Dmanagement.endpoints.jmx.exposure.include=* -Dspring.application.admin.enabled=true -XX:TieredStopAtLevel=1 -Dspring.boot.project.name=prjm43replyboard_service1_maria -Dfile.encoding=UTF-8 -Dstdout.encoding=UTF-8 -Dstderr.encoding=UTF-8 com.tech.prjm09.Prjm09replyboardApplication --spring.output.ansi.enabled=always

Host: Intel(R) Core(TM) i7-7500U CPU @ 2.70GHz, 4 cores, 15G,  Windows 10 , 64 bit Build 19041 (10.0.19041.5915)
Time: Tue Jun 24 22:40:12 2025  Windows 10 , 64 bit Build 19041 (10.0.19041.5915) elapsed time: 0.265890 seconds (0d 0h 0m 0s)

---------------  T H R E A D  ---------------

Current thread (0x0000028b1111f800):  JavaThread "Unknown thread" [_thread_in_vm, id=18364, stack(0x000000bea5700000,0x000000bea5800000)]

Stack: [0x000000bea5700000,0x000000bea5800000]
Native frames: (J=compiled Java code, j=interpreted, Vv=VM code, C=native code)
V  [jvm.dll+0x65fe1a]
V  [jvm.dll+0x7a2bbf]
V  [jvm.dll+0x7a4289]
V  [jvm.dll+0x7a4923]
V  [jvm.dll+0x258a25]
V  [jvm.dll+0x65d179]
V  [jvm.dll+0x651e55]
V  [jvm.dll+0x31302d]
V  [jvm.dll+0x312e92]
V  [jvm.dll+0x317ac6]
V  [jvm.dll+0x35fbc0]
V  [jvm.dll+0x35f632]
V  [jvm.dll+0x2ee6b8]
V  [jvm.dll+0x2ef7c5]
V  [jvm.dll+0x77bc17]
V  [jvm.dll+0x77d4ff]
V  [jvm.dll+0x36ce69]
V  [jvm.dll+0x76070f]
V  [jvm.dll+0x3defe7]
V  [jvm.dll+0x3e1091]
C  [jli.dll+0x52e7]
C  [ucrtbase.dll+0x21bb2]
C  [KERNEL32.DLL+0x17374]
C  [ntdll.dll+0x4cc91]


---------------  P R O C E S S  ---------------

Threads class SMR info:
_java_thread_list=0x0000028b0eef94e0, length=0, elements={
}

Java Threads: ( => current thread )

Other Threads:
  0x0000028b11134800 GCTaskThread "GC Thread#0" [stack: 0x000000bea5900000,0x000000bea5a00000] [id=198632]
  0x0000028b11193800 ConcurrentGCThread "G1 Main Marker" [stack: 0x000000bea5a00000,0x000000bea5b00000] [id=196216]
  0x0000028b11195000 ConcurrentGCThread "G1 Conc#0" [stack: 0x000000bea5b00000,0x000000bea5c00000] [id=180704]

[error occurred during error reporting (printing all threads), id 0xc0000005, EXCEPTION_ACCESS_VIOLATION (0xc0000005) at pc=0x00007fff5e1ff177]

VM state:not at safepoint (not fully initialized)

VM Mutex/Monitor currently owned by a thread:  ([mutex/lock_event])
[0x0000028b1111c060] Heap_lock - owner thread: 0x0000028b1111f800

Heap address: 0x0000000701400000, size: 4076 MB, Compressed Oops mode: Non-zero based: 0x0000000701400000
Narrow klass base: 0x0000000000000000, Narrow klass shift: 0

GC Heap History (0 events):
No events

Deoptimization events (0 events):
No events

Classes redefined (0 events):
No events

Internal exceptions (0 events):
No events

Events (0 events):
No events


Dynamic libraries:
0x00007ff783dd0000 - 0x00007ff783de0000 	C:\Program Files\Java\jdk-11\bin\javaw.exe
0x00007fffbcd10000 - 0x00007fffbcf08000 	C:\WINDOWS\SYSTEM32\ntdll.dll
0x00007fffbad30000 - 0x00007fffbadf2000 	C:\WINDOWS\System32\KERNEL32.DLL
0x00007fffba9e0000 - 0x00007fffbacd6000 	C:\WINDOWS\System32\KERNELBASE.dll
0x00007fffba3a0000 - 0x00007fffba4a0000 	C:\WINDOWS\System32\ucrtbase.dll
0x00007fffb6010000 - 0x00007fffb6029000 	C:\Program Files\Java\jdk-11\bin\jli.dll
0x00007fffbc020000 - 0x00007fffbc0d1000 	C:\WINDOWS\System32\ADVAPI32.dll
0x00007fffbcc30000 - 0x00007fffbccce000 	C:\WINDOWS\System32\msvcrt.dll
0x00007fffbcab0000 - 0x00007fffbcb4f000 	C:\WINDOWS\System32\sechost.dll
0x00007fffbc910000 - 0x00007fffbca33000 	C:\WINDOWS\System32\RPCRT4.dll
0x00007fffba980000 - 0x00007fffba9a7000 	C:\WINDOWS\System32\bcrypt.dll
0x00007fffbc410000 - 0x00007fffbc5ad000 	C:\WINDOWS\System32\USER32.dll
0x00007fffba9b0000 - 0x00007fffba9d2000 	C:\WINDOWS\System32\win32u.dll
0x00007fffbb930000 - 0x00007fffbb95b000 	C:\WINDOWS\System32\GDI32.dll
0x00007fffba4a0000 - 0x00007fffba5b9000 	C:\WINDOWS\System32\gdi32full.dll
0x00007fffba830000 - 0x00007fffba8cd000 	C:\WINDOWS\System32\msvcp_win.dll
0x00007fffb3400000 - 0x00007fffb341b000 	C:\Program Files\Java\jdk-11\bin\VCRUNTIME140.dll
0x00007fff942f0000 - 0x00007fff9458a000 	C:\WINDOWS\WinSxS\amd64_microsoft.windows.common-controls_6595b64144ccf1df_6.0.19041.5915_none_60b4b9d171f9c7c7\COMCTL32.dll
0x00007fffb21b0000 - 0x00007fffb21ba000 	C:\WINDOWS\SYSTEM32\VERSION.dll
0x00007fffbbf20000 - 0x00007fffbbf4f000 	C:\WINDOWS\System32\IMM32.DLL
0x00007fffb3610000 - 0x00007fffb361c000 	C:\Program Files\Java\jdk-11\bin\vcruntime140_1.dll
0x00007fff98f20000 - 0x00007fff98fae000 	C:\Program Files\Java\jdk-11\bin\msvcp140.dll
0x00007fff5df00000 - 0x00007fff5ea6c000 	C:\Program Files\Java\jdk-11\bin\server\jvm.dll
0x00007fffbbe60000 - 0x00007fffbbe68000 	C:\WINDOWS\System32\PSAPI.DLL
0x00007fffa23d0000 - 0x00007fffa23d9000 	C:\WINDOWS\SYSTEM32\WSOCK32.dll
0x00007fffbc340000 - 0x00007fffbc3ab000 	C:\WINDOWS\System32\WS2_32.dll
0x00007fff94590000 - 0x00007fff945b7000 	C:\WINDOWS\SYSTEM32\WINMM.dll
0x00007fffb8bd0000 - 0x00007fffb8be2000 	C:\WINDOWS\SYSTEM32\kernel.appcore.dll
0x00007fffb3470000 - 0x00007fffb3480000 	C:\Program Files\Java\jdk-11\bin\verify.dll
0x00007fffb80b0000 - 0x00007fffb82b1000 	C:\WINDOWS\SYSTEM32\DBGHELP.DLL
0x00007fffa8710000 - 0x00007fffa8744000 	C:\WINDOWS\SYSTEM32\dbgcore.DLL
0x00007fffba7a0000 - 0x00007fffba822000 	C:\WINDOWS\System32\bcryptPrimitives.dll
0x00007fffaee30000 - 0x00007fffaee58000 	C:\Program Files\Java\jdk-11\bin\java.dll
0x00007fffb33e0000 - 0x00007fffb33ea000 	C:\Program Files\Java\jdk-11\bin\jimage.dll
0x00007fffaee10000 - 0x00007fffaee27000 	C:\Program Files\Java\jdk-11\bin\zip.dll

dbghelp: loaded successfully - version: 4.0.5 - missing functions: none
symbol engine: initialized successfully - sym options: 0x614 - pdb path: .;C:\Program Files\Java\jdk-11\bin;C:\WINDOWS\SYSTEM32;C:\WINDOWS\WinSxS\amd64_microsoft.windows.common-controls_6595b64144ccf1df_6.0.19041.5915_none_60b4b9d171f9c7c7;C:\Program Files\Java\jdk-11\bin\server

VM Arguments:
jvm_args: -Dcom.sun.management.jmxremote -Dcom.sun.management.jmxremote.port=56765 -Dcom.sun.management.jmxremote.authenticate=false -Dcom.sun.management.jmxremote.ssl=false -Djava.rmi.server.hostname=localhost -Dspring.jmx.enabled=true -Dmanagement.endpoints.jmx.exposure.include=* -Dspring.application.admin.enabled=true -XX:TieredStopAtLevel=1 -Dspring.boot.project.name=prjm43replyboard_service1_maria -Dfile.encoding=UTF-8 -Dstdout.encoding=UTF-8 -Dstderr.encoding=UTF-8 
java_command: com.tech.prjm09.Prjm09replyboardApplication --spring.output.ansi.enabled=always
java_class_path (initial): C:\stsversion4_24\sts4_24work\prjm43replyboard_service1_maria\target\classes;C:\Users\ck2\.m2\repository\org\springframework\boot\spring-boot-starter-web\2.6.12\spring-boot-starter-web-2.6.12.jar;C:\Users\ck2\.m2\repository\org\springframework\boot\spring-boot-starter\2.6.12\spring-boot-starter-2.6.12.jar;C:\Users\ck2\.m2\repository\org\springframework\boot\spring-boot\2.6.12\spring-boot-2.6.12.jar;C:\Users\ck2\.m2\repository\org\springframework\boot\spring-boot-autoconfigure\2.6.12\spring-boot-autoconfigure-2.6.12.jar;C:\Users\ck2\.m2\repository\org\springframework\boot\spring-boot-starter-logging\2.6.12\spring-boot-starter-logging-2.6.12.jar;C:\Users\ck2\.m2\repository\ch\qos\logback\logback-classic\1.2.11\logback-classic-1.2.11.jar;C:\Users\ck2\.m2\repository\ch\qos\logback\logback-core\1.2.11\logback-core-1.2.11.jar;C:\Users\ck2\.m2\repository\org\apache\logging\log4j\log4j-to-slf4j\2.17.2\log4j-to-slf4j-2.17.2.jar;C:\Users\ck2\.m2\repository\org\apache\logging\log4j\log4j-api\2.17.2\log4j-api-2.17.2.jar;C:\Users\ck2\.m2\repository\org\slf4j\jul-to-slf4j\1.7.36\jul-to-slf4j-1.7.36.jar;C:\Users\ck2\.m2\repository\jakarta\annotation\jakarta.annotation-api\1.3.5\jakarta.annotation-api-1.3.5.jar;C:\Users\ck2\.m2\repository\org\yaml\snakeyaml\1.29\snakeyaml-1.29.jar;C:\Users\ck2\.m2\repository\org\springframework\boot\spring-boot-starter-json\2.6.12\spring-boot-starter-json-2.6.12.jar;C:\Users\ck2\.m2\repository\com\fasterxml\jackson\core\jackson-databind\2.13.4\jackson-databind-2.13.4.jar;C:\Users\ck2\.m2\repository\com\fasterxml\jackson\core\jackson-annotations\2.13.4\jackson-annotations-2.13.4.jar;C:\Users\ck2\.m2\repository\com\fasterxml\jackson\core\jackson-core\2.13.4\jackson-core-2.13.4.jar;C:\Users\ck2\.m2\repository\com\fasterxml\jackson\datatype\jackson-datatype-jdk8\2.13.4\jackson-datatype-jdk8-2.13.4.jar;C:\Users\ck2\.m2\repository\com\fasterxml\jackson\datatype\jackson-datatype-jsr310\2.13.4\jackson-datatype-jsr310-2.13.4.jar
Launcher Type: SUN_STANDARD

[Global flags]
     intx CICompilerCount                          = 3                                         {product} {ergonomic}
     uint ConcGCThreads                            = 1                                         {product} {ergonomic}
     uint G1ConcRefinementThreads                  = 4                                         {product} {ergonomic}
   size_t G1HeapRegionSize                         = 1048576                                   {product} {ergonomic}
    uintx GCDrainStackTargetSize                   = 64                                        {product} {ergonomic}
   size_t InitialHeapSize                          = 268435456                                 {product} {ergonomic}
     bool ManagementServer                         = true                                      {product} {command line}
   size_t MarkStackSize                            = 4194304                                   {product} {ergonomic}
   size_t MaxHeapSize                              = 4273995776                                {product} {ergonomic}
   size_t MinHeapDeltaBytes                        = 1048576                                   {product} {ergonomic}
    uintx NonNMethodCodeHeapSize                   = 6973028                                {pd product} {ergonomic}
    uintx NonProfiledCodeHeapSize                  = 244685212                              {pd product} {ergonomic}
    uintx ProfiledCodeHeapSize                     = 0                                      {pd product} {ergonomic}
    uintx ReservedCodeCacheSize                    = 251658240                              {pd product} {ergonomic}
     bool SegmentedCodeCache                       = true                                      {product} {ergonomic}
     intx TieredStopAtLevel                        = 1                                         {product} {command line}
     bool UseCompressedClassPointers               = true                                 {lp64_product} {ergonomic}
     bool UseCompressedOops                        = true                                 {lp64_product} {ergonomic}
     bool UseG1GC                                  = true                                      {product} {ergonomic}
     bool UseLargePagesIndividualAllocation        = false                                  {pd product} {ergonomic}

Logging:
Log output configuration:
 #0: stdout all=warning uptime,level,tags
 #1: stderr all=off uptime,level,tags

Environment Variables:
JAVA_HOME=C:\Program Files\Java\jdk-11
PATH=C:/stsversion4_24/sts-4.25.0.RELEASE//plugins/org.eclipse.justj.openjdk.hotspot.jre.full.win32.x86_64_21.0.4.v20240802-1551/jre/bin/server;C:/stsversion4_24/sts-4.25.0.RELEASE//plugins/org.eclipse.justj.openjdk.hotspot.jre.full.win32.x86_64_21.0.4.v20240802-1551/jre/bin;C:\oraclexe\app\oracle\product\11.2.0\server\bin;;C:\Program Files\Common Files\Oracle\Java\javapath;C:\oraclexe\app\oracle\product\11.2.0\server\bin;C:\Program Files (x86)\VMware\VMware Player\bin\;C:\oraclexe\app\oracle\product\11.2.0\server\bin;C:\app\ck2\product\11.2.0\dbhome_1\bin;C:\WINDOWS\system32;C:\WINDOWS;C:\WINDOWS\System32\Wbem;C:\WINDOWS\System32\WindowsPowerShell\v1.0\;C:\Program Files\Java\jdk-11\bin;C:\Program Files\dotnet\;C:\Program Files\Microsoft SQL Server\130\Tools\Binn\;C:\WINDOWS\System32\OpenSSH\;C:\Program Files (x86)\Brackets\command;C:\Program Files (x86)\MySQL\MySQL Server 5.5\bin;C:\Program Files (x86)\Yarn\bin\;C:\Program Files\MariaDB 10.6\bin;C:\apython_oracleset\instantclient_11_2;C:\geoserverhome\geoserver-2.18.0-bin\bin;C:\ProgramData\chocolatey\bin;C:\Program Files\Git\cmd;C:\Program Files\R\R-4.0.5\bin\x64;C:\Program Files (x86)\NetSarang\Xshell 7\;C:\Program Files\Perforce\;C:\ffmpeg\bin;C:\Program Files\nodejs\;C:\Users\ck2\AppData\Local\Programs\Python\Python39\Scripts\;C:\Users\ck2\AppData\Local\Programs\Python\Python39\;C:\Users\ck2\AppData\Local\Programs\Python\Python37-32\Scripts\;C:\Users\ck2\AppData\Local\Programs\Python\Python37-32\;C:\Users\ck2\AppData\Local\Microsoft\WindowsApps;C:\Program Files\Bandizip\;C:\Program Files\JetBrains\IntelliJ IDEA 2020.1.2\bin;;C:\Users\ck2\AppData\Local\Yarn\bin;C:\Program Files\JetBrains\IntelliJ IDEA Community Edition 2023.2.2\bin;;C:\Users\ck2\AppData\Local\Programs\Microsoft VS Code\bin;C:\Program Files\JetBrains\PyCharm Community Edition 2022.3.2\bin;;C:\Users\ck2\AppData\Roaming\npm;C:\stsversion4_24\sts-4.25.0.RELEASE;
USERNAME=ck2
OS=Windows_NT
PROCESSOR_IDENTIFIER=Intel64 Family 6 Model 142 Stepping 9, GenuineIntel



---------------  S Y S T E M  ---------------

OS: Windows 10 , 64 bit Build 19041 (10.0.19041.5915)
Hyper-V role detected

CPU:total 4 (initial active 4) (2 cores per cpu, 2 threads per core) family 6 model 142 stepping 9 microcode 0xb4, cmov, cx8, fxsr, mmx, sse, sse2, sse3, ssse3, sse4.1, sse4.2, popcnt, avx, avx2, aes, clmul, erms, 3dnowpref, lzcnt, ht, tsc, tscinvbit, bmi1, bmi2, adx, fma

Memory: 4k page, system-wide physical 16297M (1433M free)
TotalPageFile size 32681M (AvailPageFile size 97M)
current process WorkingSet (physical memory assigned to process): 10M, peak: 10M
current process commit charge ("private bytes"): 49M, peak: 305M

vm_info: Java HotSpot(TM) 64-Bit Server VM (11.0.19+9-LTS-224) for windows-amd64 JRE (11.0.19+9-LTS-224), built on Mar 27 2023 08:48:55 by "mach5one" with MS VC++ 17.1 (VS2022)

END.
